TN:
SF:src/app.ts
FNF:0
FNH:0
DA:1,1
DA:2,1
DA:3,1
DA:4,1
DA:5,1
DA:6,1
DA:7,1
DA:8,1
DA:9,1
DA:10,1
DA:11,1
DA:12,1
DA:13,1
DA:14,1
DA:15,1
DA:16,1
DA:17,1
DA:18,1
DA:19,0
DA:20,1
DA:21,1
DA:22,1
DA:23,1
DA:24,0
DA:25,1
DA:26,1
DA:27,1
DA:28,1
DA:29,1
DA:30,1
DA:31,14
DA:32,14
DA:33,14
DA:34,14
DA:35,14
DA:36,14
DA:37,14
DA:38,14
DA:39,14
DA:40,14
DA:41,14
DA:42,14
DA:43,1
DA:44,1
DA:45,1
LF:45
LH:43
BRDA:30,0,0,14
BRDA:32,1,0,11
BRDA:32,2,0,9
BRF:3
BRH:3
end_of_record
TN:
SF:src/data-source.ts
FNF:0
FNH:0
DA:1,1
DA:2,1
DA:3,1
DA:4,1
DA:5,1
DA:6,1
DA:7,1
DA:8,1
DA:9,1
DA:10,1
DA:11,1
DA:12,1
DA:13,1
DA:14,1
DA:15,1
DA:16,1
DA:17,1
DA:18,1
LF:18
LH:18
BRDA:7,0,0,0
BRDA:8,1,0,0
BRDA:9,2,0,0
BRDA:10,3,0,0
BRDA:11,4,0,0
BRF:5
BRH:0
end_of_record
TN:
SF:src/server.ts
FN:1,(empty-report)
FNF:1
FNH:0
FNDA:0,(empty-report)
DA:1,0
DA:2,0
DA:3,0
DA:4,0
DA:5,0
DA:6,0
DA:7,0
DA:8,0
DA:9,0
DA:10,0
DA:11,0
DA:12,0
DA:13,0
DA:14,0
DA:15,0
DA:16,0
DA:17,0
DA:18,0
DA:19,0
DA:20,0
DA:21,0
DA:22,0
DA:23,0
DA:24,0
DA:25,0
DA:26,0
DA:27,0
DA:28,0
DA:29,0
DA:30,0
DA:31,0
DA:32,0
DA:33,0
DA:34,0
DA:35,0
DA:36,0
DA:37,0
DA:38,0
DA:39,0
DA:40,0
DA:41,0
DA:42,0
DA:43,0
DA:44,0
DA:45,0
DA:46,0
DA:47,0
DA:48,0
DA:49,0
DA:50,0
DA:51,0
DA:52,0
DA:53,0
DA:54,0
DA:55,0
DA:56,0
DA:57,0
DA:58,0
DA:59,0
LF:59
LH:0
BRDA:1,0,0,0
BRF:1
BRH:0
end_of_record
TN:
SF:src/types.ts
FN:1,(empty-report)
FNF:1
FNH:0
FNDA:0,(empty-report)
DA:1,0
DA:2,0
DA:3,0
DA:4,0
DA:5,0
DA:6,0
LF:6
LH:0
BRDA:1,0,0,0
BRF:1
BRH:0
end_of_record
TN:
SF:src/config/index.ts
FNF:0
FNH:0
DA:1,1
DA:2,1
DA:3,1
DA:4,1
DA:5,1
DA:6,1
DA:7,1
DA:8,1
DA:9,1
DA:10,1
DA:11,1
DA:12,1
DA:13,1
DA:14,1
DA:15,1
DA:16,1
DA:17,1
DA:18,1
DA:19,1
DA:20,1
LF:20
LH:20
BRDA:4,0,0,0
BRF:1
BRH:0
end_of_record
TN:
SF:src/config/logger.ts
FNF:0
FNH:0
DA:1,1
DA:2,1
DA:3,1
DA:4,1
DA:5,1
DA:6,1
DA:7,1
DA:8,1
DA:9,1
DA:10,1
DA:11,1
DA:12,1
DA:13,1
DA:14,1
DA:15,1
DA:16,1
DA:17,1
DA:18,1
DA:19,1
DA:20,1
DA:21,1
DA:22,1
DA:23,1
DA:24,1
DA:25,1
DA:26,1
DA:27,1
DA:28,1
DA:29,1
DA:30,1
LF:30
LH:30
BRF:0
BRH:0
end_of_record
TN:
SF:src/constants/index.ts
FNF:0
FNH:0
DA:1,1
DA:2,1
DA:3,1
DA:4,1
DA:5,1
LF:5
LH:5
BRF:0
BRH:0
end_of_record
TN:
SF:src/controllers/AuthController.ts
FN:15,<instance_members_initializer>
FN:16,AuthController
FN:23,register
FN:70,login
FN:128,self
FN:133,refresh
FNF:6
FNH:4
FNDA:3,<instance_members_initializer>
FNDA:3,AuthController
FNDA:11,register
FNDA:0,login
FNDA:2,self
FNDA:0,refresh
DA:1,1
DA:2,1
DA:3,1
DA:4,1
DA:5,1
DA:6,1
DA:7,1
DA:8,1
DA:9,1
DA:10,1
DA:11,1
DA:12,1
DA:13,1
DA:14,1
DA:15,3
DA:16,3
DA:17,3
DA:18,3
DA:19,3
DA:20,3
DA:21,3
DA:22,3
DA:23,3
DA:24,11
DA:25,11
DA:26,11
DA:27,1
DA:28,1
DA:29,1
DA:30,1
DA:31,10
DA:32,10
DA:33,10
DA:34,10
DA:35,9
DA:36,9
DA:37,9
DA:38,9
DA:39,9
DA:40,9
DA:41,9
DA:42,9
DA:43,9
DA:44,9
DA:45,0
DA:46,0
DA:47,0
DA:48,0
DA:49,0
DA:50,0
DA:51,0
DA:52,0
DA:53,0
DA:54,0
DA:55,0
DA:56,0
DA:57,0
DA:58,0
DA:59,0
DA:60,0
DA:61,0
DA:62,0
DA:63,0
DA:64,11
DA:65,10
DA:66,10
DA:67,10
DA:68,11
DA:69,3
DA:70,3
DA:71,0
DA:72,0
DA:73,0
DA:74,0
DA:75,0
DA:76,0
DA:77,0
DA:78,0
DA:79,0
DA:80,0
DA:81,0
DA:82,0
DA:83,0
DA:84,0
DA:85,0
DA:86,0
DA:87,0
DA:88,0
DA:89,0
DA:90,0
DA:91,0
DA:92,0
DA:93,0
DA:94,0
DA:95,0
DA:96,0
DA:97,0
DA:98,0
DA:99,0
DA:100,0
DA:101,0
DA:102,0
DA:103,0
DA:104,0
DA:105,0
DA:106,0
DA:107,0
DA:108,0
DA:109,0
DA:110,0
DA:111,0
DA:112,0
DA:113,0
DA:114,0
DA:115,0
DA:116,0
DA:117,0
DA:118,0
DA:119,0
DA:120,0
DA:121,0
DA:122,0
DA:123,0
DA:124,0
DA:125,0
DA:126,0
DA:127,3
DA:128,3
DA:129,2
DA:130,2
DA:131,2
DA:132,3
DA:133,3
DA:134,0
DA:135,0
DA:136,0
DA:137,0
DA:138,0
DA:139,0
DA:140,0
DA:141,0
DA:142,0
DA:143,0
DA:144,0
DA:145,0
DA:146,0
DA:147,0
DA:148,0
DA:149,0
DA:150,0
DA:151,0
DA:152,0
DA:153,0
DA:154,0
DA:155,0
DA:156,0
DA:157,0
DA:158,0
DA:159,0
DA:160,0
DA:161,0
DA:162,0
DA:163,0
DA:164,0
DA:165,0
DA:166,0
DA:167,0
DA:168,0
DA:169,0
DA:170,0
DA:171,0
DA:172,0
DA:173,0
DA:174,0
DA:175,0
DA:176,3
DA:177,1
DA:178,1
LF:178
LH:61
BRDA:15,0,0,3
BRDA:16,1,0,3
BRDA:23,2,0,11
BRDA:26,3,0,1
BRDA:31,4,0,10
BRDA:35,5,0,9
BRDA:45,6,0,0
BRDA:64,7,0,10
BRDA:128,8,0,2
BRF:9
BRH:8
end_of_record
TN:
SF:src/controllers/TenantController.ts
FN:7,<instance_members_initializer>
FN:8,TenantController
FN:12,create
FNF:3
FNH:3
FNDA:3,<instance_members_initializer>
FNDA:3,TenantController
FNDA:1,create
DA:1,1
DA:2,1
DA:3,1
DA:4,1
DA:5,1
DA:6,1
DA:7,3
DA:8,3
DA:9,3
DA:10,3
DA:11,3
DA:12,3
DA:13,1
DA:14,1
DA:15,1
DA:16,1
DA:17,1
DA:18,1
DA:19,1
DA:20,0
DA:21,0
DA:22,0
DA:23,0
DA:24,1
DA:25,3
LF:25
LH:21
BRDA:7,0,0,3
BRDA:8,1,0,3
BRDA:12,2,0,1
BRDA:19,3,0,0
BRF:4
BRH:3
end_of_record
TN:
SF:src/entity/RefreshToken.ts
FN:13,<instance_members_initializer>
FN:20,__decorate.onDelete
FNF:2
FNH:2
FNDA:4,<instance_members_initializer>
FNDA:4,__decorate.onDelete
DA:1,1
DA:2,1
DA:3,1
DA:4,1
DA:5,1
DA:6,1
DA:7,1
DA:8,1
DA:9,1
DA:10,1
DA:11,1
DA:12,1
DA:13,1
DA:14,4
DA:15,4
DA:16,4
DA:17,4
DA:18,4
DA:19,4
DA:20,4
DA:21,4
DA:22,4
DA:23,4
DA:24,4
DA:25,4
DA:26,4
DA:27,4
DA:28,4
DA:29,4
LF:29
LH:29
BRDA:18,0,0,0
BRDA:22,1,0,0
BRDA:13,2,0,4
BRDA:20,3,0,4
BRF:4
BRH:2
end_of_record
TN:
SF:src/entity/Tenant.ts
FN:4,<instance_members_initializer>
FNF:1
FNH:1
FNDA:5,<instance_members_initializer>
DA:1,1
DA:2,1
DA:3,1
DA:4,1
DA:5,5
DA:6,5
DA:7,5
DA:8,5
DA:9,5
DA:10,5
DA:11,5
DA:12,5
DA:13,5
DA:14,5
DA:15,5
DA:16,5
DA:17,5
DA:18,5
DA:19,5
LF:19
LH:19
BRDA:4,0,0,5
BRF:1
BRH:1
end_of_record
TN:
SF:src/entity/User.ts
FN:5,<instance_members_initializer>
FNF:1
FNH:1
FNDA:11,<instance_members_initializer>
DA:1,1
DA:2,1
DA:3,1
DA:4,1
DA:5,1
DA:6,11
DA:7,11
DA:8,11
DA:9,11
DA:10,11
DA:11,11
DA:12,11
DA:13,11
DA:14,11
DA:15,11
DA:16,11
DA:17,11
DA:18,11
DA:19,11
DA:20,11
DA:21,11
DA:22,11
DA:23,11
DA:24,11
DA:25,11
DA:26,11
LF:26
LH:26
BRDA:25,0,0,0
BRDA:5,1,0,11
BRDA:24,2,0,4
BRF:3
BRH:2
end_of_record
TN:
SF:src/middleware/authenticate.ts
FN:18,getToken
FNF:1
FNH:1
FNDA:6,getToken
DA:1,1
DA:2,1
DA:3,1
DA:4,1
DA:5,1
DA:6,1
DA:7,1
DA:8,1
DA:9,1
DA:10,1
DA:11,1
DA:12,1
DA:13,1
DA:14,1
DA:15,1
DA:16,1
DA:17,1
DA:18,1
DA:19,6
DA:20,6
DA:21,6
DA:22,0
DA:23,0
DA:24,0
DA:25,0
DA:26,0
DA:27,6
DA:28,6
DA:29,6
DA:30,1
DA:31,1
LF:31
LH:26
BRDA:18,0,0,6
BRDA:21,1,0,0
BRDA:21,2,0,0
BRF:3
BRH:1
end_of_record
TN:
SF:src/middleware/canAccess.ts
FN:5,canAccess
FNF:1
FNH:1
FNDA:3,canAccess
DA:1,1
DA:2,1
DA:3,1
DA:4,1
DA:5,1
DA:6,3
DA:7,2
DA:8,2
DA:9,2
DA:10,1
DA:11,1
DA:12,1
DA:13,1
DA:14,1
DA:15,3
DA:16,3
LF:16
LH:16
BRDA:5,0,0,3
BRDA:6,1,0,2
BRDA:9,2,0,1
BRF:3
BRH:3
end_of_record
TN:
SF:src/middleware/validateRefreshToken.ts
FN:13,getToken
FN:17,isRevoked
FNF:2
FNH:0
FNDA:0,getToken
FNDA:0,isRevoked
DA:1,1
DA:2,1
DA:3,1
DA:4,1
DA:5,1
DA:6,1
DA:7,1
DA:8,1
DA:9,1
DA:10,1
DA:11,1
DA:12,1
DA:13,1
DA:14,0
DA:15,0
DA:16,1
DA:17,1
DA:18,0
DA:19,0
DA:20,0
DA:21,0
DA:22,0
DA:23,0
DA:24,0
DA:25,0
DA:26,0
DA:27,0
DA:28,0
DA:29,0
DA:30,0
DA:31,0
DA:32,0
DA:33,0
DA:34,0
DA:35,0
DA:36,0
DA:37,1
DA:38,1
LF:38
LH:17
BRF:0
BRH:0
end_of_record
TN:
SF:src/migration/1762521730890-migration.ts
FN:3,<instance_members_initializer>
FN:6,up
FN:18,down
FNF:3
FNH:1
FNDA:4,<instance_members_initializer>
FNDA:0,up
FNDA:0,down
DA:1,1
DA:2,1
DA:3,4
DA:4,4
DA:5,4
DA:6,4
DA:7,0
DA:8,0
DA:9,0
DA:10,0
DA:11,0
DA:12,0
DA:13,0
DA:14,0
DA:15,0
DA:16,0
DA:17,4
DA:18,4
DA:19,0
DA:20,0
DA:21,0
DA:22,0
DA:23,4
LF:23
LH:9
BRDA:3,0,0,4
BRF:1
BRH:1
end_of_record
TN:
SF:src/migration/1762539009373-rename_tables.ts
FN:3,<instance_members_initializer>
FN:6,up
FN:14,down
FNF:3
FNH:1
FNDA:4,<instance_members_initializer>
FNDA:0,up
FNDA:0,down
DA:1,1
DA:2,1
DA:3,4
DA:4,4
DA:5,4
DA:6,4
DA:7,0
DA:8,0
DA:9,0
DA:10,0
DA:11,0
DA:12,0
DA:13,4
DA:14,4
DA:15,0
DA:16,0
DA:17,0
DA:18,0
DA:19,4
LF:19
LH:9
BRDA:3,0,0,4
BRF:1
BRH:1
end_of_record
TN:
SF:src/migration/1762541308798-create_tenants.ts
FN:3,<instance_members_initializer>
FN:6,up
FN:10,down
FNF:3
FNH:1
FNDA:4,<instance_members_initializer>
FNDA:0,up
FNDA:0,down
DA:1,1
DA:2,1
DA:3,4
DA:4,4
DA:5,4
DA:6,4
DA:7,0
DA:8,0
DA:9,4
DA:10,4
DA:11,0
DA:12,0
DA:13,4
LF:13
LH:9
BRDA:3,0,0,4
BRF:1
BRH:1
end_of_record
TN:
SF:src/migration/1762779578013-create_tenants.ts
FN:3,<instance_members_initializer>
FN:6,up
FN:10,down
FNF:3
FNH:1
FNDA:4,<instance_members_initializer>
FNDA:0,up
FNDA:0,down
DA:1,1
DA:2,1
DA:3,4
DA:4,4
DA:5,4
DA:6,4
DA:7,0
DA:8,0
DA:9,4
DA:10,4
DA:11,0
DA:12,0
DA:13,4
LF:13
LH:9
BRDA:3,0,0,4
BRF:1
BRH:1
end_of_record
TN:
SF:src/routes/auth.ts
FNF:0
FNH:0
DA:1,1
DA:2,1
DA:3,1
DA:4,1
DA:5,1
DA:6,1
DA:7,1
DA:8,1
DA:9,1
DA:10,1
DA:11,1
DA:12,1
DA:13,1
DA:14,1
DA:15,1
DA:16,1
DA:17,1
DA:18,1
DA:19,1
DA:20,1
DA:21,1
DA:22,1
DA:23,1
DA:24,1
DA:25,1
DA:26,1
DA:27,1
DA:28,1
DA:29,1
DA:30,1
DA:31,1
DA:32,2
DA:33,2
DA:34,0
DA:35,0
DA:36,2
DA:37,1
DA:38,1
DA:39,1
DA:40,0
DA:41,0
DA:42,1
DA:43,1
DA:44,1
LF:44
LH:40
BRDA:23,0,0,11
BRDA:31,1,0,2
BRDA:33,2,0,0
BRF:3
BRH:2
end_of_record
TN:
SF:src/routes/tenant.ts
FNF:0
FNH:0
DA:1,1
DA:2,1
DA:3,1
DA:4,1
DA:5,1
DA:6,1
DA:7,1
DA:8,1
DA:9,1
DA:10,1
DA:11,1
DA:12,1
DA:13,1
DA:14,1
DA:15,1
DA:16,1
DA:17,1
DA:18,1
DA:19,1
DA:20,1
DA:21,1
DA:22,1
DA:23,1
DA:24,1
DA:25,1
LF:25
LH:25
BRDA:20,0,0,1
BRF:1
BRH:1
end_of_record
TN:
SF:src/services/CredentialsService.ts
FN:4,compare
FNF:1
FNH:0
FNDA:0,compare
DA:1,1
DA:2,1
DA:3,1
DA:4,1
DA:5,0
DA:6,0
DA:7,1
LF:7
LH:5
BRF:0
BRH:0
end_of_record
TN:
SF:src/services/TenantService.ts
FN:5,<instance_members_initializer>
FN:6,TenantService
FN:7,create
FNF:3
FNH:3
FNDA:3,<instance_members_initializer>
FNDA:3,TenantService
FNDA:1,create
DA:1,1
DA:2,1
DA:3,1
DA:4,1
DA:5,3
DA:6,3
DA:7,3
DA:8,1
DA:9,1
DA:10,3
LF:10
LH:10
BRDA:5,0,0,3
BRDA:6,1,0,3
BRDA:7,2,0,1
BRF:3
BRH:3
end_of_record
TN:
SF:src/services/TokenService.ts
FN:10,<instance_members_initializer>
FN:11,TokenService
FN:12,generateAccessToken
FN:30,generateRefreshToken
FN:41,persistRefreshToken
FN:50,deleteRefreshToken
FNF:6
FNH:3
FNDA:3,<instance_members_initializer>
FNDA:3,TokenService
FNDA:9,generateAccessToken
FNDA:0,generateRefreshToken
FNDA:0,persistRefreshToken
FNDA:0,deleteRefreshToken
DA:1,1
DA:2,1
DA:3,1
DA:4,1
DA:5,1
DA:6,1
DA:7,1
DA:8,1
DA:9,1
DA:10,3
DA:11,3
DA:12,3
DA:13,9
DA:14,9
DA:15,9
DA:16,9
DA:17,0
DA:18,0
DA:19,0
DA:20,9
DA:21,9
DA:22,9
DA:23,9
DA:24,9
DA:25,9
DA:26,9
DA:27,9
DA:28,9
DA:29,3
DA:30,3
DA:31,0
DA:32,0
DA:33,0
DA:34,0
DA:35,0
DA:36,0
DA:37,0
DA:38,0
DA:39,0
DA:40,3
DA:41,3
DA:42,0
DA:43,0
DA:44,0
DA:45,0
DA:46,0
DA:47,0
DA:48,0
DA:49,3
DA:50,3
DA:51,0
DA:52,0
DA:53,3
LF:53
LH:32
BRDA:10,0,0,3
BRDA:11,1,0,3
BRDA:12,2,0,9
BRDA:16,3,0,0
BRF:4
BRH:3
end_of_record
TN:
SF:src/services/UserService.ts
FN:6,<instance_members_initializer>
FN:7,UserService
FN:8,create
FN:24,findByEmail
FN:28,findById
FNF:5
FNH:4
FNDA:3,<instance_members_initializer>
FNDA:3,UserService
FNDA:10,create
FNDA:0,findByEmail
FNDA:2,findById
DA:1,1
DA:2,1
DA:3,1
DA:4,1
DA:5,1
DA:6,3
DA:7,3
DA:8,3
DA:9,10
DA:10,10
DA:11,1
DA:12,1
DA:13,1
DA:14,9
DA:15,9
DA:16,9
DA:17,9
DA:18,10
DA:19,0
DA:20,0
DA:21,0
DA:22,10
DA:23,3
DA:24,3
DA:25,0
DA:26,0
DA:27,3
DA:28,3
DA:29,2
DA:30,2
DA:31,3
LF:31
LH:26
BRDA:6,0,0,3
BRDA:7,1,0,3
BRDA:8,2,0,10
BRDA:10,3,0,1
BRDA:14,4,0,9
BRDA:18,5,0,0
BRDA:28,6,0,2
BRF:7
BRH:6
end_of_record
TN:
SF:src/types/express-jwt.d.ts
FN:1,(empty-report)
FNF:1
FNH:0
FNDA:0,(empty-report)
DA:1,0
DA:2,0
DA:3,0
DA:4,0
DA:5,0
DA:6,0
DA:7,0
DA:8,0
DA:9,0
DA:10,0
LF:10
LH:0
BRDA:1,0,0,0
BRF:1
BRH:0
end_of_record
TN:
SF:src/types/index.ts
FN:1,(empty-report)
FNF:1
FNH:0
FNDA:0,(empty-report)
DA:1,0
DA:2,0
DA:3,0
DA:4,0
DA:5,0
DA:6,0
DA:7,0
DA:8,0
DA:9,0
DA:10,0
DA:11,0
DA:12,0
DA:13,0
DA:14,0
DA:15,0
DA:16,0
DA:17,0
DA:18,0
DA:19,0
DA:20,0
DA:21,0
DA:22,0
DA:23,0
DA:24,0
DA:25,0
DA:26,0
DA:27,0
DA:28,0
DA:29,0
DA:30,0
DA:31,0
DA:32,0
DA:33,0
DA:34,0
DA:35,0
DA:36,0
DA:37,0
DA:38,0
DA:39,0
DA:40,0
DA:41,0
DA:42,0
DA:43,0
DA:44,0
DA:45,0
DA:46,0
DA:47,0
LF:47
LH:0
BRDA:1,0,0,0
BRF:1
BRH:0
end_of_record
TN:
SF:src/validators/login-validator.ts
FNF:0
FNH:0
DA:1,1
DA:2,1
DA:3,1
DA:4,1
DA:5,1
DA:6,1
DA:7,1
DA:8,1
DA:9,1
DA:10,1
DA:11,1
DA:12,1
DA:13,1
DA:14,1
DA:15,1
DA:16,1
DA:17,1
DA:18,1
LF:18
LH:18
BRF:0
BRH:0
end_of_record
TN:
SF:src/validators/register-validator.ts
FNF:0
FNH:0
DA:1,1
DA:2,1
DA:3,1
DA:4,1
DA:5,1
DA:6,1
DA:7,1
DA:8,1
DA:9,1
DA:10,1
DA:11,1
DA:12,1
DA:13,1
DA:14,1
DA:15,1
DA:16,1
DA:17,1
DA:18,1
DA:19,1
DA:20,1
DA:21,1
DA:22,1
DA:23,1
DA:24,1
DA:25,1
DA:26,1
DA:27,1
DA:28,1
LF:28
LH:28
BRF:0
BRH:0
end_of_record
